This is XeTeX, Version 3.14159265-2.6-0.999991 (TeX Live 2019/Debian) (preloaded format=xelatex 2022.7.7)  9 AUG 2022 17:11
entering extended mode
 restricted \write18 enabled.
 %&-line parsing enabled.
**AeloA_1.tex
(./AeloA_1.tex
LaTeX2e <2020-02-02> patch level 2
L3 programming layer <2020-02-14>
(/usr/share/texlive/texmf-dist/tex/latex/base/book.cls
Document Class: book 2019/12/20 v1.4l Standard LaTeX document class
(/usr/share/texlive/texmf-dist/tex/latex/base/bk10.clo
File: bk10.clo 2019/12/20 v1.4l Standard LaTeX file (size option)
)
\c@part=\count163
\c@chapter=\count164
\c@section=\count165
\c@subsection=\count166
\c@subsubsection=\count167
\c@paragraph=\count168
\c@subparagraph=\count169
\c@figure=\count170
\c@table=\count171
\abovecaptionskip=\skip47
\belowcaptionskip=\skip48
\bibindent=\dimen134
)
(/usr/share/texlive/texmf-dist/tex/latex/polyglossia/polyglossia.sty
Package: polyglossia 2020/01/29 v1.47 Modern multilingual typesetting with XeLa
TeX and LuaLaTeX

(/usr/share/texlive/texmf-dist/tex/latex/etoolbox/etoolbox.sty
Package: etoolbox 2019/09/21 v2.5h e-TeX tools for LaTeX (JAW)
\etb@tempcnta=\count172
)
(/usr/share/texlive/texmf-dist/tex/latex/makecmds/makecmds.sty
Package: makecmds 2009/09/03 v1.0a extra command making commands
)
(/usr/share/texlive/texmf-dist/tex/latex/xkeyval/xkeyval.sty
Package: xkeyval 2014/12/03 v2.7a package option processing (HA)

(/usr/share/texlive/texmf-dist/tex/generic/xkeyval/xkeyval.tex
(/usr/share/texlive/texmf-dist/tex/generic/xkeyval/xkvutils.tex
\XKV@toks=\toks14
\XKV@tempa@toks=\toks15

(/usr/share/texlive/texmf-dist/tex/generic/xkeyval/keyval.tex))
\XKV@depth=\count173
File: xkeyval.tex 2014/12/03 v2.7a key=value parser (HA)
))
(/usr/share/texlive/texmf-dist/tex/latex/fontspec/fontspec.sty
(/usr/share/texlive/texmf-dist/tex/latex/l3packages/xparse/xparse.sty
(/usr/share/texlive/texmf-dist/tex/latex/l3kernel/expl3.sty
Package: expl3 2020-02-14 L3 programming layer (loader) 

(/usr/share/texlive/texmf-dist/tex/latex/l3backend/l3backend-xdvipdfmx.def
File: l3backend-xdvipdfmx.def 2020-02-03 L3 backend support: xdvipdfmx
\g__graphics_track_int=\count174
\l__pdf_internal_box=\box45
\g__pdf_backend_object_int=\count175
\g__pdf_backend_annotation_int=\count176
))
Package: xparse 2020-02-14 L3 Experimental document command parser
\l__xparse_current_arg_int=\count177
\g__xparse_grabber_int=\count178
\l__xparse_m_args_int=\count179
\l__xparse_v_nesting_int=\count180
)
Package: fontspec 2020/02/03 v2.7h Font selection for XeLaTeX and LuaLaTeX

(/usr/share/texlive/texmf-dist/tex/latex/fontspec/fontspec-xetex.sty
Package: fontspec-xetex 2020/02/03 v2.7h Font selection for XeLaTeX and LuaLaTe
X
\l__fontspec_script_int=\count181
\l__fontspec_language_int=\count182
\l__fontspec_strnum_int=\count183
\l__fontspec_tmp_int=\count184
\l__fontspec_tmpa_int=\count185
\l__fontspec_tmpb_int=\count186
\l__fontspec_tmpc_int=\count187
\l__fontspec_em_int=\count188
\l__fontspec_emdef_int=\count189
\l__fontspec_strong_int=\count190
\l__fontspec_strongdef_int=\count191
\l__fontspec_tmpa_dim=\dimen135
\l__fontspec_tmpb_dim=\dimen136
\l__fontspec_tmpc_dim=\dimen137

(/usr/share/texlive/texmf-dist/tex/latex/base/fontenc.sty
Package: fontenc 2020/02/11 v2.0o Standard LaTeX package
)
(/usr/share/texlive/texmf-dist/tex/latex/fontspec/fontspec.cfg)))
(/usr/share/texlive/texmf-dist/tex/generic/iftex/ifluatex.sty
Package: ifluatex 2019/10/25 v1.5 ifluatex legacy package. Use iftex instead.

(/usr/share/texlive/texmf-dist/tex/generic/iftex/iftex.sty
Package: iftex 2019/11/07 v1.0c TeX engine tests
))
(/usr/share/texlive/texmf-dist/tex/generic/iftex/ifxetex.sty
Package: ifxetex 2019/10/25 v0.7 ifxetex legacy package. Use iftex instead.
)
(/usr/share/texlive/texmf-dist/tex/latex/l3packages/l3keys2e/l3keys2e.sty
Package: l3keys2e 2020-02-14 LaTeX2e option processing using LaTeX3 keys
)
(/usr/share/texlive/texmf-dist/tex/latex/filehook/filehook.sty
Package: filehook 2020/02/03 v0.7 Hooks for input files
)
\xpg@normalclass=\XeTeXcharclass1

(/usr/share/texlive/texmf-dist/tex/latex/polyglossia/gloss-latex.ldf
File: gloss-latex.ldf polyglossia: module for default language
The property list \polyglossia@langsetup contains the pairs (without outer
braces):
>  {latex/script}  =>  {latin}
>  {latex/lcscript}  =>  {latin}
>  {latex/scripttag}  =>  {}
>  {latex/language}  =>  {Latex}
>  {latex/langtag}  =>  {ENG}
>  {latex/bcp47}  =>  {}
>  {latex/hyphennames}  =>  {english}
>  {latex/direction}  =>  {LR}
>  {latex/hyphenmins}  =>  {2,3}
>  {latex/frenchspacing}  =>  {false}
>  {latex/indentfirst}  =>  {false}
>  {latex/fontsetup}  =>  {true}
>  {latex/envname}  =>  {latex}
>  {latex/babelname}  =>  {latex}
>  {latex/localnumeral}  =>  {polyglossia@C@localnumeral}
>  {latex/Localnumeral}  =>  {polyglossia@C@localnumeral}.
)
Package polyglossia Info: Default language is latex.
Package polyglossia Info: Option: localmarks.
)
(/usr/share/texlive/texmf-dist/tex/xelatex/xunicode/xunicode.sty
File: xunicode.sty 2011/09/09 v0.981 provides access to latin accents and many 
other characters in Unicode lower plane

(/usr/share/texmf/tex/latex/tipa/t3enc.def
File: t3enc.def 2001/12/31 T3 encoding
)
\tipaTiiicode=\count192
\tipasavetokens=\toks16
\tipachecktokens=\toks17

(/usr/share/texlive/texmf-dist/tex/latex/graphics/graphicx.sty
Package: graphicx 2019/11/30 v1.2a Enhanced LaTeX Graphics (DPC,SPQR)

(/usr/share/texlive/texmf-dist/tex/latex/graphics/graphics.sty
Package: graphics 2019/11/30 v1.4a Standard LaTeX Graphics (DPC,SPQR)

(/usr/share/texlive/texmf-dist/tex/latex/graphics/trig.sty
Package: trig 2016/01/03 v1.10 sin cos tan (DPC)
)
(/usr/share/texlive/texmf-dist/tex/latex/graphics-cfg/graphics.cfg
File: graphics.cfg 2016/06/04 v1.11 sample graphics configuration
)
Package graphics Info: Driver file: xetex.def on input line 105.

(/usr/share/texlive/texmf-dist/tex/latex/graphics-def/xetex.def
File: xetex.def 2017/06/24 v5.0h Graphics/color driver for xetex
))
\Gin@req@height=\dimen138
\Gin@req@width=\dimen139
))
(/usr/share/texlive/texmf-dist/tex/latex/xcolor/xcolor.sty
Package: xcolor 2016/05/11 v2.12 LaTeX color extensions (UK)

(/usr/share/texlive/texmf-dist/tex/latex/graphics-cfg/color.cfg
File: color.cfg 2016/01/02 v1.6 sample color configuration
)
Package xcolor Info: Driver file: xetex.def on input line 225.
Package xcolor Info: Model `cmy' substituted by `cmy0' on input line 1348.
Package xcolor Info: Model `RGB' extended on input line 1364.
Package xcolor Info: Model `HTML' substituted by `rgb' on input line 1366.
Package xcolor Info: Model `Hsb' substituted by `hsb' on input line 1367.
Package xcolor Info: Model `tHsb' substituted by `hsb' on input line 1368.
Package xcolor Info: Model `HSB' substituted by `hsb' on input line 1369.
Package xcolor Info: Model `Gray' substituted by `gray' on input line 1370.
Package xcolor Info: Model `wave' substituted by `hsb' on input line 1371.

(/usr/share/texlive/texmf-dist/tex/latex/graphics/dvipsnam.def
File: dvipsnam.def 2016/06/17 v3.0m Driver-dependent file (DPC,SPQR)
))
(/usr/share/texlive/texmf-dist/tex/latex/soul/soul.sty
Package: soul 2003/11/17 v2.4 letterspacing/underlining (mf)
\SOUL@word=\toks18
\SOUL@lasttoken=\toks19
\SOUL@cmds=\toks20
\SOUL@buffer=\toks21
\SOUL@token=\toks22
\SOUL@spaceskip=\skip49
\SOUL@ttwidth=\dimen140
\SOUL@uldp=\dimen141
\SOUL@ulht=\dimen142
)
(/usr/share/texlive/texmf-dist/tex/latex/hyperref/hyperref.sty
Package: hyperref 2020/01/14 v7.00d Hypertext links for LaTeX

(/usr/share/texlive/texmf-dist/tex/generic/ltxcmds/ltxcmds.sty
Package: ltxcmds 2019/12/15 v1.24 LaTeX kernel commands for general use (HO)
)
(/usr/share/texlive/texmf-dist/tex/latex/pdftexcmds/pdftexcmds.sty
Package: pdftexcmds 2019/11/24 v0.31 Utility functions of pdfTeX for LuaTeX (HO
)

(/usr/share/texlive/texmf-dist/tex/generic/infwarerr/infwarerr.sty
Package: infwarerr 2019/12/03 v1.5 Providing info/warning/error messages (HO)
)
Package pdftexcmds Info: \pdf@primitive is available.
Package pdftexcmds Info: \pdf@ifprimitive is available.
Package pdftexcmds Info: \pdfdraftmode not found.
)
(/usr/share/texlive/texmf-dist/tex/generic/kvsetkeys/kvsetkeys.sty
Package: kvsetkeys 2019/12/15 v1.18 Key value parser (HO)
)
(/usr/share/texlive/texmf-dist/tex/generic/kvdefinekeys/kvdefinekeys.sty
Package: kvdefinekeys 2019-12-19 v1.6 Define keys (HO)
)
(/usr/share/texlive/texmf-dist/tex/generic/pdfescape/pdfescape.sty
Package: pdfescape 2019/12/09 v1.15 Implements pdfTeX's escape features (HO)
)
(/usr/share/texlive/texmf-dist/tex/latex/hycolor/hycolor.sty
Package: hycolor 2020-01-27 v1.10 Color options for hyperref/bookmark (HO)
)
(/usr/share/texlive/texmf-dist/tex/latex/letltxmacro/letltxmacro.sty
Package: letltxmacro 2019/12/03 v1.6 Let assignment for LaTeX macros (HO)
)
(/usr/share/texlive/texmf-dist/tex/latex/auxhook/auxhook.sty
Package: auxhook 2019-12-17 v1.6 Hooks for auxiliary files (HO)
)
(/usr/share/texlive/texmf-dist/tex/latex/kvoptions/kvoptions.sty
Package: kvoptions 2019/11/29 v3.13 Key value format for package options (HO)
)
\@linkdim=\dimen143
\Hy@linkcounter=\count193
\Hy@pagecounter=\count194

(/usr/share/texlive/texmf-dist/tex/latex/hyperref/pd1enc.def
File: pd1enc.def 2020/01/14 v7.00d Hyperref: PDFDocEncoding definition (HO)
)
(/usr/share/texlive/texmf-dist/tex/generic/intcalc/intcalc.sty
Package: intcalc 2019/12/15 v1.3 Expandable calculations with integers (HO)
)
(/usr/share/texlive/texmf-dist/tex/generic/etexcmds/etexcmds.sty
Package: etexcmds 2019/12/15 v1.7 Avoid name clashes with e-TeX commands (HO)
)
\Hy@SavedSpaceFactor=\count195
Package hyperref Info: Hyper figures OFF on input line 4547.
Package hyperref Info: Link nesting OFF on input line 4552.
Package hyperref Info: Hyper index ON on input line 4555.
Package hyperref Info: Plain pages OFF on input line 4562.
Package hyperref Info: Backreferencing OFF on input line 4567.
Package hyperref Info: Implicit mode ON; LaTeX internals redefined.
Package hyperref Info: Bookmarks ON on input line 4800.
\c@Hy@tempcnt=\count196

(/usr/share/texlive/texmf-dist/tex/latex/url/url.sty
\Urlmuskip=\muskip16
Package: url 2013/09/16  ver 3.4  Verb mode for urls, etc.
)
LaTeX Info: Redefining \url on input line 5159.
\XeTeXLinkMargin=\dimen144

(/usr/share/texlive/texmf-dist/tex/generic/bitset/bitset.sty
Package: bitset 2019/12/09 v1.3 Handle bit-vector datatype (HO)

(/usr/share/texlive/texmf-dist/tex/generic/bigintcalc/bigintcalc.sty
Package: bigintcalc 2019/12/15 v1.5 Expandable calculations on big integers (HO
)
))
\Fld@menulength=\count197
\Field@Width=\dimen145
\Fld@charsize=\dimen146
Package hyperref Info: Hyper figures OFF on input line 6430.
Package hyperref Info: Link nesting OFF on input line 6435.
Package hyperref Info: Hyper index ON on input line 6438.
Package hyperref Info: backreferencing OFF on input line 6445.
Package hyperref Info: Link coloring OFF on input line 6450.
Package hyperref Info: Link coloring with OCG OFF on input line 6455.
Package hyperref Info: PDF/A mode OFF on input line 6460.
LaTeX Info: Redefining \ref on input line 6500.
LaTeX Info: Redefining \pageref on input line 6504.

(/usr/share/texlive/texmf-dist/tex/generic/atbegshi/atbegshi.sty
Package: atbegshi 2019/12/05 v1.19 At begin shipout hook (HO)
)
\Hy@abspage=\count198
\c@Item=\count199
\c@Hfootnote=\count266
)
Package hyperref Info: Driver (autodetected): hxetex.

(/usr/share/texlive/texmf-dist/tex/latex/hyperref/hxetex.def
File: hxetex.def 2020/01/14 v7.00d Hyperref driver for XeTeX

(/usr/share/texlive/texmf-dist/tex/latex/hyperref/puenc.def
File: puenc.def 2020/01/14 v7.00d Hyperref: PDF Unicode definition (HO)
)
(/usr/share/texlive/texmf-dist/tex/generic/stringenc/stringenc.sty
Package: stringenc 2019/11/29 v1.12 Convert strings between diff. encodings (HO
)
)
\pdfm@box=\box46
\c@Hy@AnnotLevel=\count267
\HyField@AnnotCount=\count268
\Fld@listcount=\count269
\c@bookmark@seq@number=\count270

(/usr/share/texlive/texmf-dist/tex/latex/rerunfilecheck/rerunfilecheck.sty
Package: rerunfilecheck 2019/12/05 v1.9 Rerun checks for auxiliary files (HO)

(/usr/share/texlive/texmf-dist/tex/latex/atveryend/atveryend.sty
Package: atveryend 2019-12-11 v1.11 Hooks at the very end of document (HO)
)
(/usr/share/texlive/texmf-dist/tex/generic/uniquecounter/uniquecounter.sty
Package: uniquecounter 2019/12/15 v1.4 Provide unlimited unique counter (HO)
)
Package uniquecounter Info: New unique counter `rerunfilecheck' on input line 2
86.
)
\Hy@SectionHShift=\skip50
)
(/usr/share/texlive/texmf-dist/tex/latex/mdframed/mdframed.sty
Package: mdframed 2013/07/01 1.9b: mdframed

(/usr/share/texlive/texmf-dist/tex/latex/zref/zref-abspage.sty
Package: zref-abspage 2019/11/29 v2.28 Module abspage for zref (HO)

(/usr/share/texlive/texmf-dist/tex/latex/zref/zref-base.sty
Package: zref-base 2019/11/29 v2.28 Module base for zref (HO)
Package zref Info: New property list: main on input line 763.
Package zref Info: New property: default on input line 764.
Package zref Info: New property: page on input line 765.
)
\c@abspage=\count271
Package zref Info: New property: abspage on input line 66.
)
(/usr/share/texlive/texmf-dist/tex/latex/needspace/needspace.sty
Package: needspace 2010/09/12 v1.3d reserve vertical space
)
\mdf@templength=\skip51
\c@mdf@globalstyle@cnt=\count272
\mdf@skipabove@length=\skip52
\mdf@skipbelow@length=\skip53
\mdf@leftmargin@length=\skip54
\mdf@rightmargin@length=\skip55
\mdf@innerleftmargin@length=\skip56
\mdf@innerrightmargin@length=\skip57
\mdf@innertopmargin@length=\skip58
\mdf@innerbottommargin@length=\skip59
\mdf@splittopskip@length=\skip60
\mdf@splitbottomskip@length=\skip61
\mdf@outermargin@length=\skip62
\mdf@innermargin@length=\skip63
\mdf@linewidth@length=\skip64
\mdf@innerlinewidth@length=\skip65
\mdf@middlelinewidth@length=\skip66
\mdf@outerlinewidth@length=\skip67
\mdf@roundcorner@length=\skip68
\mdf@footenotedistance@length=\skip69
\mdf@userdefinedwidth@length=\skip70
\mdf@needspace@length=\skip71
\mdf@frametitleaboveskip@length=\skip72
\mdf@frametitlebelowskip@length=\skip73
\mdf@frametitlerulewidth@length=\skip74
\mdf@frametitleleftmargin@length=\skip75
\mdf@frametitlerightmargin@length=\skip76
\mdf@shadowsize@length=\skip77
\mdf@extratopheight@length=\skip78
\mdf@subtitleabovelinewidth@length=\skip79
\mdf@subtitlebelowlinewidth@length=\skip80
\mdf@subtitleaboveskip@length=\skip81
\mdf@subtitlebelowskip@length=\skip82
\mdf@subtitleinneraboveskip@length=\skip83
\mdf@subtitleinnerbelowskip@length=\skip84
\mdf@subsubtitleabovelinewidth@length=\skip85
\mdf@subsubtitlebelowlinewidth@length=\skip86
\mdf@subsubtitleaboveskip@length=\skip87
\mdf@subsubtitlebelowskip@length=\skip88
\mdf@subsubtitleinneraboveskip@length=\skip89
\mdf@subsubtitleinnerbelowskip@length=\skip90

(/usr/share/texlive/texmf-dist/tex/latex/mdframed/md-frame-0.mdf
File: md-frame-0.mdf 2013/07/01\ 1.9b: md-frame-0
)
\mdf@frametitlebox=\box47
\mdf@footnotebox=\box48
\mdf@splitbox@one=\box49
\mdf@splitbox@two=\box50
\mdf@splitbox@save=\box51
\mdfsplitboxwidth=\skip91
\mdfsplitboxtotalwidth=\skip92
\mdfsplitboxheight=\skip93
\mdfsplitboxdepth=\skip94
\mdfsplitboxtotalheight=\skip95
\mdfframetitleboxwidth=\skip96
\mdfframetitleboxtotalwidth=\skip97
\mdfframetitleboxheight=\skip98
\mdfframetitleboxdepth=\skip99
\mdfframetitleboxtotalheight=\skip100
\mdffootnoteboxwidth=\skip101
\mdffootnoteboxtotalwidth=\skip102
\mdffootnoteboxheight=\skip103
\mdffootnoteboxdepth=\skip104
\mdffootnoteboxtotalheight=\skip105
\mdftotallinewidth=\skip106
\mdfboundingboxwidth=\skip107
\mdfboundingboxtotalwidth=\skip108
\mdfboundingboxheight=\skip109
\mdfboundingboxdepth=\skip110
\mdfboundingboxtotalheight=\skip111
\mdf@freevspace@length=\skip112
\mdf@horizontalwidthofbox@length=\skip113
\mdf@verticalmarginwhole@length=\skip114
\mdf@horizontalspaceofbox=\skip115
\mdfsubtitleheight=\skip116
\mdfsubsubtitleheight=\skip117
\c@mdfcountframes=\count273

****** mdframed patching \endmdf@trivlist

****** -- success******

\mdf@envdepth=\count274
\c@mdf@env@i=\count275
\c@mdf@env@ii=\count276
\c@mdf@zref@counter=\count277
Package zref Info: New property: mdf@pagevalue on input line 895.
)
(/usr/share/texlive/texmf-dist/tex/latex/polyglossia/gloss-english.ldf
File: gloss-english.ldf polyglossia: module for english
The property list \polyglossia@langsetup contains the pairs (without outer
braces):
>  {latex/script}  =>  {latin}
>  {latex/lcscript}  =>  {latin}
>  {latex/scripttag}  =>  {}
>  {latex/language}  =>  {Latex}
>  {latex/langtag}  =>  {ENG}
>  {latex/bcp47}  =>  {}
>  {latex/hyphennames}  =>  {english}
>  {latex/direction}  =>  {LR}
>  {latex/hyphenmins}  =>  {2,3}
>  {latex/frenchspacing}  =>  {false}
>  {latex/indentfirst}  =>  {false}
>  {latex/fontsetup}  =>  {true}
>  {latex/envname}  =>  {latex}
>  {latex/babelname}  =>  {latex}
>  {latex/localnumeral}  =>  {polyglossia@C@localnumeral}
>  {latex/Localnumeral}  =>  {polyglossia@C@localnumeral}
>  {english/script}  =>  {latin}
>  {english/lcscript}  =>  {latin}
>  {english/scripttag}  =>  {}
>  {english/language}  =>  {English}
>  {english/langtag}  =>  {ENG}
>  {english/bcp47}  =>  {en-US}
>  {english/hyphennames}  =>  {english,american,usenglish,USenglish}
>  {english/direction}  =>  {LR}
>  {english/hyphenmins}  =>  {2,3}
>  {english/frenchspacing}  =>  {false}
>  {english/indentfirst}  =>  {false}
>  {english/fontsetup}  =>  {true}
>  {english/envname}  =>  {english}
>  {english/babelname}  =>  {english}
>  {english/localnumeral}  =>  {polyglossia@C@localnumeral}
>  {english/Localnumeral}  =>  {polyglossia@C@localnumeral}.
Package polyglossia Info: Option: English, variant=american.
)
Package polyglossia Info: Default language is english.

Package fontspec Info: Font family 'CharisSIL(0)' created for font 'Charis
(fontspec)             SIL' with options [Ligatures=TeX].
(fontspec)              
(fontspec)              This font family consists of the following NFSS
(fontspec)             series/shapes:
(fontspec)              
(fontspec)             - 'normal' (m/n) with NFSS spec.: <->"Charis
(fontspec)             SIL/OT:script=latn;language=dflt;mapping=tex-text;"
(fontspec)             - 'small caps'  (m/sc) with NFSS spec.: <->"Charis
(fontspec)             SIL/OT:script=latn;language=dflt;+smcp;mapping=tex-text;
"
(fontspec)             - 'bold' (b/n) with NFSS spec.: <->"Charis
(fontspec)             SIL/B/OT:script=latn;language=dflt;mapping=tex-text;"
(fontspec)             - 'bold small caps'  (b/sc) with NFSS spec.: <->"Charis
(fontspec)             SIL/B/OT:script=latn;language=dflt;+smcp;mapping=tex-tex
t;"
(fontspec)             - 'italic' (m/it) with NFSS spec.: <->"Charis
(fontspec)             SIL/I/OT:script=latn;language=dflt;mapping=tex-text;"
(fontspec)             - 'italic small caps'  (m/scit) with NFSS spec.:
(fontspec)             <->"Charis
(fontspec)             SIL/I/OT:script=latn;language=dflt;+smcp;mapping=tex-tex
t;"
(fontspec)             - 'bold italic' (b/it) with NFSS spec.: <->"Charis
(fontspec)             SIL/BI/OT:script=latn;language=dflt;mapping=tex-text;"
(fontspec)             - 'bold italic small caps'  (b/scit) with NFSS spec.:
(fontspec)             <->"Charis
(fontspec)             SIL/BI/OT:script=latn;language=dflt;+smcp;mapping=tex-te
xt;"


(/usr/share/texlive/texmf-dist/tex/latex/polyglossia/gloss-syriac.ldf
File: gloss-syriac.ldf polyglossia: module for syriac

(/usr/share/texlive/texmf-dist/tex/xelatex/bidi/bidi.sty
Package: bidi 2020-01-29 v35.11 Bidirectional typesetting in plain TeX and LaTe
X

****************************************************
* 
* bidi package (Bidirectional typesetting in
* plain TeX and LaTeX, using XeTeX engine)
* 
* Description: A convenient interface for
* typesetting bidirectional texts in plain TeX
* and LaTeX. The package includes adaptations
* for use with many other commonly-used packages.
* 
* Copyright (c) 2009--2019 Vafa Khalighi
* 2018-2020 bidi-tex GitHub Organisation
* 
* v35.11, 2020-01-29
* 
* License: LaTeX Project Public License, version
* 1.3c or higher (your choice)
* 
* Location on CTAN: /macros/xetex/latex/bidi
* 
* Issue tracker: https://github.com/bidi-tex/bidi/issues
* 
****************************************************
(/usr/share/texlive/texmf-dist/tex/xelatex/bidi/biditools.sty
Package: biditools 2020-01-29 v1.10 Programming tools for bidi package
\@bidi@envbody=\toks23
\@bidi@emptytoks=\toks24
\bidi@tempcountb=\count278
\bidi@temptoksa=\toks25
\bidi@temptoksb=\toks26
\bidi@dummies=\count279
\bidi@are@these@correct=\toks27
\bidi@toks@lista=\toks28
\bidi@toks@listb=\toks29
\bidi@stack@length=\count280
\bidi@empty@stack=\toks30
\bidi@looprepeat@depth=\count281
)
\@bidi@copyins@=\insert252

(/usr/share/texlive/texmf-dist/tex/xelatex/bidi/latex-xetex-bidi.def
File: latex-xetex-bidi.def 2019/03/03 v1.3.7 bidi adaptations for `latex.ltx' f
or XeTeX engine
\bidi@n@everypar=\toks31
\bidi@column@check@number=\count282

(/usr/share/texlive/texmf-dist/tex/xelatex/bidi/footnote-xetex-bidi.def
File: footnote-xetex-bidi.def 2017/08/09 v1.1 bidi footnote macros for XeTeX en
gine
\c@footdir@label=\count283
\footdir@toks=\toks32
)
(/usr/share/texlive/texmf-dist/tex/xelatex/bidi/book-xetex-bidi.def
File: book-xetex-bidi.def 2017/06/09 v1.0 bidi adaptations for standard book cl
ass for XeTeX engine
)
(/usr/share/texlive/texmf-dist/tex/xelatex/bidi/color-xetex-bidi.def
File: color-xetex-bidi.def 2013/04/08 v0.2 bidi adaptations for color package f
or XeTeX engine
LaTeX Info: Redefining \color on input line 46.
)
(/usr/share/texlive/texmf-dist/tex/xelatex/bidi/xcolor-xetex-bidi.def
File: xcolor-xetex-bidi.def 2013/04/08 v0.2 bidi adaptations for xcolor package
 for XeTeX engine
LaTeX Info: Redefining \color on input line 45.
LaTeX Info: Redefining \bidicolor on input line 88.
)
(/usr/share/texlive/texmf-dist/tex/xelatex/bidi/graphicx-xetex-bidi.def
File: graphicx-xetex-bidi.def 2017/06/17 v0.5 bidi adaptations for graphicx pac
kage for XeTeX engine
)
(/usr/share/texlive/texmf-dist/tex/xelatex/bidi/hyperref-xetex-bidi.def
File: hyperref-xetex-bidi.def 2018/11/11 v1.1 bidi adaptations for hyperref pac
kage for XeTeX engine
)
(/usr/share/texlive/texmf-dist/tex/xelatex/bidi/soul-xetex-bidi.def
File: soul-xetex-bidi.def 2015/10/16 v0.1 bidi adaptations for soul package for
 XeTeX engine
)
(/usr/share/texlive/texmf-dist/tex/xelatex/bidi/mdframed-xetex-bidi.def
File: mdframed-xetex-bidi.def 2013/09/22 v0.4 bidi adaptations for mdframed pac
kage for XeTeX engine
))
(/usr/share/texlive/texmf-dist/tex/xelatex/bidi/loadingorder-xetex-bidi.def
File: loadingorder-xetex-bidi.def 2017/12/29 v0.97 making sure that bidi is the
 last package loaded
)
\bidi@digits=\count284
\bidi@digits@charclass=\XeTeXcharclass2
\bidi@sepmark@charclass=\XeTeXcharclass3
)
(/usr/share/texlive/texmf-dist/tex/latex/polyglossia/arabicnumbers.sty
Package: arabicnumbers 2010/03/18 v0.2 Formatting of Arabic and Farsi digits an
d of Arabic abjad numerals
)
The property list \polyglossia@langsetup contains the pairs (without outer
braces):
>  {latex/script}  =>  {latin}
>  {latex/lcscript}  =>  {latin}
>  {latex/scripttag}  =>  {}
>  {latex/language}  =>  {Latex}
>  {latex/langtag}  =>  {ENG}
>  {latex/bcp47}  =>  {}
>  {latex/hyphennames}  =>  {english}
>  {latex/direction}  =>  {LR}
>  {latex/hyphenmins}  =>  {2,3}
>  {latex/frenchspacing}  =>  {false}
>  {latex/indentfirst}  =>  {false}
>  {latex/fontsetup}  =>  {true}
>  {latex/envname}  =>  {latex}
>  {latex/babelname}  =>  {latex}
>  {latex/localnumeral}  =>  {polyglossia@C@localnumeral}
>  {latex/Localnumeral}  =>  {polyglossia@C@localnumeral}
>  {english/script}  =>  {latin}
>  {english/lcscript}  =>  {latin}
>  {english/scripttag}  =>  {}
>  {english/language}  =>  {English}
>  {english/langtag}  =>  {ENG}
>  {english/bcp47}  =>  {en-US}
>  {english/hyphennames}  =>  {english,american,usenglish,USenglish}
>  {english/direction}  =>  {LR}
>  {english/hyphenmins}  =>  {2,3}
>  {english/frenchspacing}  =>  {false}
>  {english/indentfirst}  =>  {false}
>  {english/fontsetup}  =>  {true}
>  {english/envname}  =>  {english}
>  {english/babelname}  =>  {american}
>  {english/localnumeral}  =>  {polyglossia@C@localnumeral}
>  {english/Localnumeral}  =>  {polyglossia@C@localnumeral}
>  {syriac/script}  =>  {Syriac}
>  {syriac/lcscript}  =>  {syriac}
>  {syriac/scripttag}  =>  {syrc}
>  {syriac/language}  =>  {Syriac}
>  {syriac/langtag}  =>  {SYR}
>  {syriac/bcp47}  =>  {syr}
>  {syriac/hyphennames}  =>  {syriac,nohyphenation}
>  {syriac/direction}  =>  {RL}
>  {syriac/hyphenmins}  =>  {2,3}
>  {syriac/frenchspacing}  =>  {false}
>  {syriac/indentfirst}  =>  {false}
>  {syriac/fontsetup}  =>  {true}
>  {syriac/envname}  =>  {syriac}
>  {syriac/babelname}  =>  {syriac}
>  {syriac/localnumeral}  =>  {syriacnumerals}
>  {syriac/Localnumeral}  =>  {syriacnumerals}.
)

Package fontspec Info: Could not resolve font "Serto Antioch Bible/BI" (it
(fontspec)             probably doesn't exist).


Package fontspec Info: Could not resolve font "Serto Antioch Bible/B" (it
(fontspec)             probably doesn't exist).


Package fontspec Info: Could not resolve font "Serto Antioch Bible/I" (it
(fontspec)             probably doesn't exist).


Package fontspec Info: Font family 'SertoAntiochBible(0)' created for font
(fontspec)             'Serto Antioch Bible' with options
(fontspec)             [Script=Syriac,Scale=1.0].
(fontspec)              
(fontspec)              This font family consists of the following NFSS
(fontspec)             series/shapes:
(fontspec)              
(fontspec)             - 'normal' (m/n) with NFSS spec.: <->s*[1.0]"Serto
(fontspec)             Antioch Bible/OT:script=syrc;language=dflt;"
(fontspec)             - 'small caps'  (m/sc) with NFSS spec.: 


Package fontspec Info: Could not resolve font "Estrangelo Edessa/BI" (it
(fontspec)             probably doesn't exist).


Package fontspec Info: Could not resolve font "Estrangelo Edessa/B" (it
(fontspec)             probably doesn't exist).


Package fontspec Info: Could not resolve font "Estrangelo Edessa/I" (it
(fontspec)             probably doesn't exist).


Package fontspec Info: Font family 'EstrangeloEdessa(0)' created for font
(fontspec)             'Estrangelo Edessa' with options
(fontspec)             [Script=Syriac,Scale=1.0].
(fontspec)              
(fontspec)              This font family consists of the following NFSS
(fontspec)             series/shapes:
(fontspec)              
(fontspec)             - 'normal' (m/n) with NFSS spec.: <->s*[1.0]"Estrangelo
(fontspec)             Edessa/OT:script=syrc;language=dflt;"
(fontspec)             - 'small caps'  (m/sc) with NFSS spec.: 


Package fontspec Info: Could not resolve font "East Syriac Adiabene/BI" (it
(fontspec)             probably doesn't exist).


Package fontspec Info: Could not resolve font "East Syriac Adiabene/B" (it
(fontspec)             probably doesn't exist).


Package fontspec Info: Could not resolve font "East Syriac Adiabene/I" (it
(fontspec)             probably doesn't exist).


Package fontspec Info: Font family 'EastSyriacAdiabene(0)' created for font
(fontspec)             'East Syriac Adiabene' with options
(fontspec)             [Script=Syriac,Scale=1.0].
(fontspec)              
(fontspec)              This font family consists of the following NFSS
(fontspec)             series/shapes:
(fontspec)              
(fontspec)             - 'normal' (m/n) with NFSS spec.: <->s*[1.0]"East
(fontspec)             Syriac Adiabene/OT:script=syrc;language=dflt;"
(fontspec)             - 'small caps'  (m/sc) with NFSS spec.: 


(/usr/share/texlive/texmf-dist/tex/latex/polyglossia/gloss-arabic.ldf
File: gloss-arabic.ldf polyglossia: module for arabic

(/usr/share/texlive/texmf-dist/tex/latex/polyglossia/hijrical.sty
Package: hijrical 2010/07/12 v0.2 Islamic calendar

(/usr/share/texlive/texmf-dist/tex/latex/tools/calc.sty
Package: calc 2017/05/25 v4.3 Infix arithmetic (KKT,FJ)
\calc@Acount=\count285
\calc@Bcount=\count286
\calc@Adimen=\dimen147
\calc@Bdimen=\dimen148
\calc@Askip=\skip118
\calc@Bskip=\skip119
LaTeX Info: Redefining \setlength on input line 80.
LaTeX Info: Redefining \addtolength on input line 81.
\calc@Ccount=\count287
\calc@Cskip=\skip120
)
(/usr/share/texlive/texmf-dist/tex/latex/polyglossia/cal-util.def
\c@tmpA=\count288
\c@tmpB=\count289
\c@tmpC=\count290
\c@tmpD=\count291
\c@tmpE=\count292
\c@tmpF=\count293
)
\c@Hijriday=\count294
\c@Hijrimonth=\count295
\c@Hijriyear=\count296
)
The property list \polyglossia@langsetup contains the pairs (without outer
braces):
>  {latex/script}  =>  {latin}
>  {latex/lcscript}  =>  {latin}
>  {latex/scripttag}  =>  {}
>  {latex/language}  =>  {Latex}
>  {latex/langtag}  =>  {ENG}
>  {latex/bcp47}  =>  {}
>  {latex/hyphennames}  =>  {english}
>  {latex/direction}  =>  {LR}
>  {latex/hyphenmins}  =>  {2,3}
>  {latex/frenchspacing}  =>  {false}
>  {latex/indentfirst}  =>  {false}
>  {latex/fontsetup}  =>  {true}
>  {latex/envname}  =>  {latex}
>  {latex/babelname}  =>  {latex}
>  {latex/localnumeral}  =>  {polyglossia@C@localnumeral}
>  {latex/Localnumeral}  =>  {polyglossia@C@localnumeral}
>  {english/script}  =>  {latin}
>  {english/lcscript}  =>  {latin}
>  {english/scripttag}  =>  {}
>  {english/language}  =>  {English}
>  {english/langtag}  =>  {ENG}
>  {english/bcp47}  =>  {en-US}
>  {english/hyphennames}  =>  {english,american,usenglish,USenglish}
>  {english/direction}  =>  {LR}
>  {english/hyphenmins}  =>  {2,3}
>  {english/frenchspacing}  =>  {false}
>  {english/indentfirst}  =>  {false}
>  {english/fontsetup}  =>  {true}
>  {english/envname}  =>  {english}
>  {english/babelname}  =>  {american}
>  {english/localnumeral}  =>  {polyglossia@C@localnumeral}
>  {english/Localnumeral}  =>  {polyglossia@C@localnumeral}
>  {syriac/script}  =>  {Syriac}
>  {syriac/lcscript}  =>  {syriac}
>  {syriac/scripttag}  =>  {syrc}
>  {syriac/language}  =>  {Syriac}
>  {syriac/langtag}  =>  {SYR}
>  {syriac/bcp47}  =>  {syr}
>  {syriac/hyphennames}  =>  {syriac,nohyphenation}
>  {syriac/direction}  =>  {RL}
>  {syriac/hyphenmins}  =>  {2,3}
>  {syriac/frenchspacing}  =>  {false}
>  {syriac/indentfirst}  =>  {false}
>  {syriac/fontsetup}  =>  {true}
>  {syriac/envname}  =>  {syriac}
>  {syriac/babelname}  =>  {syriac}
>  {syriac/localnumeral}  =>  {syriacnumerals}
>  {syriac/Localnumeral}  =>  {syriacnumerals}
>  {arabic/script}  =>  {Arabic}
>  {arabic/lcscript}  =>  {arabic}
>  {arabic/scripttag}  =>  {arab}
>  {arabic/language}  =>  {Arabic}
>  {arabic/langtag}  =>  {ARA}
>  {arabic/bcp47}  =>  {ar}
>  {arabic/hyphennames}  =>  {nohyphenation}
>  {arabic/direction}  =>  {RL}
>  {arabic/hyphenmins}  =>  {2,3}
>  {arabic/frenchspacing}  =>  {false}
>  {arabic/indentfirst}  =>  {false}
>  {arabic/fontsetup}  =>  {true}
>  {arabic/envname}  =>  {Arabic}
>  {arabic/babelname}  =>  {arabic}
>  {arabic/localnumeral}  =>  {arabicnumerals}
>  {arabic/Localnumeral}  =>  {arabicnumerals}.
)
(/usr/share/texlive/texmf-dist/tex/latex/amiri/Amiri.fontspec)

Package fontspec Info: Font family 'Amiri(0)' created for font 'Amiri' with
(fontspec)             options
(fontspec)             [Extension=.ttf,UprightFont=*-Regular,ItalicFont=*-Slant
ed,BoldFont=*-Bold,BoldItalicFont=*-BoldSlanted,Script=Arabic,Scale=1.0].
(fontspec)              
(fontspec)              This font family consists of the following NFSS
(fontspec)             series/shapes:
(fontspec)              
(fontspec)             - 'normal' (m/n) with NFSS spec.:
(fontspec)             <->s*[1.0]"[Amiri-Regular.ttf]/OT:script=arab;language=d
flt;"
(fontspec)             - 'small caps'  (m/sc) with NFSS spec.: 
(fontspec)             - 'bold' (b/n) with NFSS spec.:
(fontspec)             <->s*[1.0]"[Amiri-Bold.ttf]/OT:script=arab;language=dflt
;"
(fontspec)             - 'bold small caps'  (b/sc) with NFSS spec.: 
(fontspec)             - 'italic' (m/it) with NFSS spec.:
(fontspec)             <->s*[1.0]"[Amiri-Slanted.ttf]/OT:script=arab;language=d
flt;"
(fontspec)             - 'italic small caps'  (m/scit) with NFSS spec.: 
(fontspec)             - 'bold italic' (b/it) with NFSS spec.:
(fontspec)             <->s*[1.0]"[Amiri-BoldSlanted.ttf]/OT:script=arab;langua
ge=dflt;"
(fontspec)             - 'bold italic small caps'  (b/scit) with NFSS spec.: 


(/usr/share/texlive/texmf-dist/tex/latex/polyglossia/gloss-hebrew.ldf
File: gloss-hebrew.ldf polyglossia: module for hebrew

(/usr/share/texlive/texmf-dist/tex/latex/polyglossia/hebrewcal.sty
Package: hebrewcal 2019/12/03 v2.7 Hebrew calendar for polyglossia (adapted fro
m hebcal.sty in Babel)
\hebrewday=\count297
\hebrewmonth=\count298
\hebrewyear=\count299
\@common=\count300
)
The property list \polyglossia@langsetup contains the pairs (without outer
braces):
>  {latex/script}  =>  {latin}
>  {latex/lcscript}  =>  {latin}
>  {latex/scripttag}  =>  {}
>  {latex/language}  =>  {Latex}
>  {latex/langtag}  =>  {ENG}
>  {latex/bcp47}  =>  {}
>  {latex/hyphennames}  =>  {english}
>  {latex/direction}  =>  {LR}
>  {latex/hyphenmins}  =>  {2,3}
>  {latex/frenchspacing}  =>  {false}
>  {latex/indentfirst}  =>  {false}
>  {latex/fontsetup}  =>  {true}
>  {latex/envname}  =>  {latex}
>  {latex/babelname}  =>  {latex}
>  {latex/localnumeral}  =>  {polyglossia@C@localnumeral}
>  {latex/Localnumeral}  =>  {polyglossia@C@localnumeral}
>  {english/script}  =>  {latin}
>  {english/lcscript}  =>  {latin}
>  {english/scripttag}  =>  {}
>  {english/language}  =>  {English}
>  {english/langtag}  =>  {ENG}
>  {english/bcp47}  =>  {en-US}
>  {english/hyphennames}  =>  {english,american,usenglish,USenglish}
>  {english/direction}  =>  {LR}
>  {english/hyphenmins}  =>  {2,3}
>  {english/frenchspacing}  =>  {false}
>  {english/indentfirst}  =>  {false}
>  {english/fontsetup}  =>  {true}
>  {english/envname}  =>  {english}
>  {english/babelname}  =>  {american}
>  {english/localnumeral}  =>  {polyglossia@C@localnumeral}
>  {english/Localnumeral}  =>  {polyglossia@C@localnumeral}
>  {syriac/script}  =>  {Syriac}
>  {syriac/lcscript}  =>  {syriac}
>  {syriac/scripttag}  =>  {syrc}
>  {syriac/language}  =>  {Syriac}
>  {syriac/langtag}  =>  {SYR}
>  {syriac/bcp47}  =>  {syr}
>  {syriac/hyphennames}  =>  {syriac,nohyphenation}
>  {syriac/direction}  =>  {RL}
>  {syriac/hyphenmins}  =>  {2,3}
>  {syriac/frenchspacing}  =>  {false}
>  {syriac/indentfirst}  =>  {false}
>  {syriac/fontsetup}  =>  {true}
>  {syriac/envname}  =>  {syriac}
>  {syriac/babelname}  =>  {syriac}
>  {syriac/localnumeral}  =>  {syriacnumerals}
>  {syriac/Localnumeral}  =>  {syriacnumerals}
>  {arabic/script}  =>  {Arabic}
>  {arabic/lcscript}  =>  {arabic}
>  {arabic/scripttag}  =>  {arab}
>  {arabic/language}  =>  {Arabic}
>  {arabic/langtag}  =>  {ARA}
>  {arabic/bcp47}  =>  {ar}
>  {arabic/hyphennames}  =>  {nohyphenation}
>  {arabic/direction}  =>  {RL}
>  {arabic/hyphenmins}  =>  {2,3}
>  {arabic/frenchspacing}  =>  {false}
>  {arabic/indentfirst}  =>  {false}
>  {arabic/fontsetup}  =>  {true}
>  {arabic/envname}  =>  {Arabic}
>  {arabic/babelname}  =>  {arabic}
>  {arabic/localnumeral}  =>  {arabicnumerals}
>  {arabic/Localnumeral}  =>  {arabicnumerals}
>  {hebrew/script}  =>  {Hebrew}
>  {hebrew/lcscript}  =>  {hebrew}
>  {hebrew/scripttag}  =>  {hebr}
>  {hebrew/language}  =>  {Hebrew}
>  {hebrew/langtag}  =>  {IWR}
>  {hebrew/bcp47}  =>  {he}
>  {hebrew/hyphennames}  =>  {nohyphenation}
>  {hebrew/direction}  =>  {RL}
>  {hebrew/hyphenmins}  =>  {2,3}
>  {hebrew/frenchspacing}  =>  {false}
>  {hebrew/indentfirst}  =>  {false}
>  {hebrew/fontsetup}  =>  {true}
>  {hebrew/envname}  =>  {hebrew}
>  {hebrew/babelname}  =>  {hebrew}
>  {hebrew/localnumeral}  =>  {hebrewnumerals}
>  {hebrew/Localnumeral}  =>  {hebrewnumerals}.

Setting \if@calendar@hebrew
(/usr/share/texlive/texmf-dist/tex/latex/polyglossia/babel-hebrewalph.def
File: babel-hebrewalph.def 2010/03/02 Babel definitions for Hebrew numerals
 Adapted from hebrew.ldf (2005/03/30 v2.3h)
))

Package fontspec Info: Could not resolve font "Ezra SIL/BI" (it probably
(fontspec)             doesn't exist).


Package fontspec Info: Could not resolve font "Ezra SIL/B" (it probably
(fontspec)             doesn't exist).


Package fontspec Info: Could not resolve font "Ezra SIL/I" (it probably
(fontspec)             doesn't exist).


Package fontspec Info: Font family 'EzraSIL(0)' created for font 'Ezra SIL'
(fontspec)             with options [Script=Hebrew,Scale=1.0].
(fontspec)              
(fontspec)              This font family consists of the following NFSS
(fontspec)             series/shapes:
(fontspec)              
(fontspec)             - 'normal' (m/n) with NFSS spec.: <->s*[1.0]"Ezra
(fontspec)             SIL/OT:script=hebr;language=dflt;"
(fontspec)             - 'small caps'  (m/sc) with NFSS spec.: 


(/usr/share/texlive/texmf-dist/tex/latex/polyglossia/gloss-amharic.ldf
File: gloss-amharic.ldf polyglossia: module for amharic
The property list \polyglossia@langsetup contains the pairs (without outer
braces):
>  {latex/script}  =>  {latin}
>  {latex/lcscript}  =>  {latin}
>  {latex/scripttag}  =>  {}
>  {latex/language}  =>  {Latex}
>  {latex/langtag}  =>  {ENG}
>  {latex/bcp47}  =>  {}
>  {latex/hyphennames}  =>  {english}
>  {latex/direction}  =>  {LR}
>  {latex/hyphenmins}  =>  {2,3}
>  {latex/frenchspacing}  =>  {false}
>  {latex/indentfirst}  =>  {false}
>  {latex/fontsetup}  =>  {true}
>  {latex/envname}  =>  {latex}
>  {latex/babelname}  =>  {latex}
>  {latex/localnumeral}  =>  {polyglossia@C@localnumeral}
>  {latex/Localnumeral}  =>  {polyglossia@C@localnumeral}
>  {english/script}  =>  {latin}
>  {english/lcscript}  =>  {latin}
>  {english/scripttag}  =>  {}
>  {english/language}  =>  {English}
>  {english/langtag}  =>  {ENG}
>  {english/bcp47}  =>  {en-US}
>  {english/hyphennames}  =>  {english,american,usenglish,USenglish}
>  {english/direction}  =>  {LR}
>  {english/hyphenmins}  =>  {2,3}
>  {english/frenchspacing}  =>  {false}
>  {english/indentfirst}  =>  {false}
>  {english/fontsetup}  =>  {true}
>  {english/envname}  =>  {english}
>  {english/babelname}  =>  {american}
>  {english/localnumeral}  =>  {polyglossia@C@localnumeral}
>  {english/Localnumeral}  =>  {polyglossia@C@localnumeral}
>  {syriac/script}  =>  {Syriac}
>  {syriac/lcscript}  =>  {syriac}
>  {syriac/scripttag}  =>  {syrc}
>  {syriac/language}  =>  {Syriac}
>  {syriac/langtag}  =>  {SYR}
>  {syriac/bcp47}  =>  {syr}
>  {syriac/hyphennames}  =>  {syriac,nohyphenation}
>  {syriac/direction}  =>  {RL}
>  {syriac/hyphenmins}  =>  {2,3}
>  {syriac/frenchspacing}  =>  {false}
>  {syriac/indentfirst}  =>  {false}
>  {syriac/fontsetup}  =>  {true}
>  {syriac/envname}  =>  {syriac}
>  {syriac/babelname}  =>  {syriac}
>  {syriac/localnumeral}  =>  {syriacnumerals}
>  {syriac/Localnumeral}  =>  {syriacnumerals}
>  {arabic/script}  =>  {Arabic}
>  {arabic/lcscript}  =>  {arabic}
>  {arabic/scripttag}  =>  {arab}
>  {arabic/language}  =>  {Arabic}
>  {arabic/langtag}  =>  {ARA}
>  {arabic/bcp47}  =>  {ar}
>  {arabic/hyphennames}  =>  {nohyphenation}
>  {arabic/direction}  =>  {RL}
>  {arabic/hyphenmins}  =>  {2,3}
>  {arabic/frenchspacing}  =>  {false}
>  {arabic/indentfirst}  =>  {false}
>  {arabic/fontsetup}  =>  {true}
>  {arabic/envname}  =>  {Arabic}
>  {arabic/babelname}  =>  {arabic}
>  {arabic/localnumeral}  =>  {arabicnumerals}
>  {arabic/Localnumeral}  =>  {arabicnumerals}
>  {hebrew/script}  =>  {Hebrew}
>  {hebrew/lcscript}  =>  {hebrew}
>  {hebrew/scripttag}  =>  {hebr}
>  {hebrew/language}  =>  {Hebrew}
>  {hebrew/langtag}  =>  {IWR}
>  {hebrew/bcp47}  =>  {he}
>  {hebrew/hyphennames}  =>  {nohyphenation}
>  {hebrew/direction}  =>  {RL}
>  {hebrew/hyphenmins}  =>  {2,3}
>  {hebrew/frenchspacing}  =>  {false}
>  {hebrew/indentfirst}  =>  {false}
>  {hebrew/fontsetup}  =>  {true}
>  {hebrew/envname}  =>  {hebrew}
>  {hebrew/babelname}  =>  {hebrew}
>  {hebrew/localnumeral}  =>  {hebrewnumerals}
>  {hebrew/Localnumeral}  =>  {hebrewnumerals}
>  {amharic/script}  =>  {Ethiopic}
>  {amharic/lcscript}  =>  {ethiopic}
>  {amharic/scripttag}  =>  {ethi}
>  {amharic/language}  =>  {Amharic}
>  {amharic/langtag}  =>  {AMH}
>  {amharic/bcp47}  =>  {am}
>  {amharic/hyphennames}  =>  {amharic,nohyphenation}
>  {amharic/direction}  =>  {LR}
>  {amharic/hyphenmins}  =>  {2,3}
>  {amharic/frenchspacing}  =>  {false}
>  {amharic/indentfirst}  =>  {false}
>  {amharic/fontsetup}  =>  {true}
>  {amharic/envname}  =>  {amharic}
>  {amharic/babelname}  =>  {amharic}
>  {amharic/localnumeral}  =>  {polyglossia@C@localnumeral}
>  {amharic/Localnumeral}  =>  {polyglossia@C@localnumeral}.
\ethcnt@temp=\count301
\ethcnt@modtemp=\count302
\ethcnt@leap=\count303
\ethcnt@yminone=\count304
\ethcnt@days=\count305
\ethcnt@jdn=\count306
\ethcnt@cycle=\count307
\ethcnt@ethdays=\count308
\ethcnt@ethyear=\count309
\ethcnt@ethmonth=\count310
\ethcnt@ethday=\count311
)

Package fontspec Info: Could not resolve font "Abyssinica SIL/BI" (it probably
(fontspec)             doesn't exist).


Package fontspec Info: Could not resolve font "Abyssinica SIL/B" (it probably
(fontspec)             doesn't exist).


Package fontspec Info: Could not resolve font "Abyssinica SIL/I" (it probably
(fontspec)             doesn't exist).


Package fontspec Info: Font family 'AbyssinicaSIL(0)' created for font
(fontspec)             'Abyssinica SIL' with options
(fontspec)             [Script=Ethiopic,Scale=1.0].
(fontspec)              
(fontspec)              This font family consists of the following NFSS
(fontspec)             series/shapes:
(fontspec)              
(fontspec)             - 'normal' (m/n) with NFSS spec.: <->s*[1.0]"Abyssinica
(fontspec)             SIL/OT:script=ethi;language=dflt;"
(fontspec)             - 'small caps'  (m/sc) with NFSS spec.: 


(/usr/share/texlive/texmf-dist/tex/latex/polyglossia/gloss-greek.ldf
File: gloss-greek.ldf polyglossia: module for greek
The property list \polyglossia@langsetup contains the pairs (without outer
braces):
>  {latex/script}  =>  {latin}
>  {latex/lcscript}  =>  {latin}
>  {latex/scripttag}  =>  {}
>  {latex/language}  =>  {Latex}
>  {latex/langtag}  =>  {ENG}
>  {latex/bcp47}  =>  {}
>  {latex/hyphennames}  =>  {english}
>  {latex/direction}  =>  {LR}
>  {latex/hyphenmins}  =>  {2,3}
>  {latex/frenchspacing}  =>  {false}
>  {latex/indentfirst}  =>  {false}
>  {latex/fontsetup}  =>  {true}
>  {latex/envname}  =>  {latex}
>  {latex/babelname}  =>  {latex}
>  {latex/localnumeral}  =>  {polyglossia@C@localnumeral}
>  {latex/Localnumeral}  =>  {polyglossia@C@localnumeral}
>  {english/script}  =>  {latin}
>  {english/lcscript}  =>  {latin}
>  {english/scripttag}  =>  {}
>  {english/language}  =>  {English}
>  {english/langtag}  =>  {ENG}
>  {english/bcp47}  =>  {en-US}
>  {english/hyphennames}  =>  {english,american,usenglish,USenglish}
>  {english/direction}  =>  {LR}
>  {english/hyphenmins}  =>  {2,3}
>  {english/frenchspacing}  =>  {false}
>  {english/indentfirst}  =>  {false}
>  {english/fontsetup}  =>  {true}
>  {english/envname}  =>  {english}
>  {english/babelname}  =>  {american}
>  {english/localnumeral}  =>  {polyglossia@C@localnumeral}
>  {english/Localnumeral}  =>  {polyglossia@C@localnumeral}
>  {syriac/script}  =>  {Syriac}
>  {syriac/lcscript}  =>  {syriac}
>  {syriac/scripttag}  =>  {syrc}
>  {syriac/language}  =>  {Syriac}
>  {syriac/langtag}  =>  {SYR}
>  {syriac/bcp47}  =>  {syr}
>  {syriac/hyphennames}  =>  {syriac,nohyphenation}
>  {syriac/direction}  =>  {RL}
>  {syriac/hyphenmins}  =>  {2,3}
>  {syriac/frenchspacing}  =>  {false}
>  {syriac/indentfirst}  =>  {false}
>  {syriac/fontsetup}  =>  {true}
>  {syriac/envname}  =>  {syriac}
>  {syriac/babelname}  =>  {syriac}
>  {syriac/localnumeral}  =>  {syriacnumerals}
>  {syriac/Localnumeral}  =>  {syriacnumerals}
>  {arabic/script}  =>  {Arabic}
>  {arabic/lcscript}  =>  {arabic}
>  {arabic/scripttag}  =>  {arab}
>  {arabic/language}  =>  {Arabic}
>  {arabic/langtag}  =>  {ARA}
>  {arabic/bcp47}  =>  {ar}
>  {arabic/hyphennames}  =>  {nohyphenation}
>  {arabic/direction}  =>  {RL}
>  {arabic/hyphenmins}  =>  {2,3}
>  {arabic/frenchspacing}  =>  {false}
>  {arabic/indentfirst}  =>  {false}
>  {arabic/fontsetup}  =>  {true}
>  {arabic/envname}  =>  {Arabic}
>  {arabic/babelname}  =>  {arabic}
>  {arabic/localnumeral}  =>  {arabicnumerals}
>  {arabic/Localnumeral}  =>  {arabicnumerals}
>  {hebrew/script}  =>  {Hebrew}
>  {hebrew/lcscript}  =>  {hebrew}
>  {hebrew/scripttag}  =>  {hebr}
>  {hebrew/language}  =>  {Hebrew}
>  {hebrew/langtag}  =>  {IWR}
>  {hebrew/bcp47}  =>  {he}
>  {hebrew/hyphennames}  =>  {nohyphenation}
>  {hebrew/direction}  =>  {RL}
>  {hebrew/hyphenmins}  =>  {2,3}
>  {hebrew/frenchspacing}  =>  {false}
>  {hebrew/indentfirst}  =>  {false}
>  {hebrew/fontsetup}  =>  {true}
>  {hebrew/envname}  =>  {hebrew}
>  {hebrew/babelname}  =>  {hebrew}
>  {hebrew/localnumeral}  =>  {hebrewnumerals}
>  {hebrew/Localnumeral}  =>  {hebrewnumerals}
>  {amharic/script}  =>  {Ethiopic}
>  {amharic/lcscript}  =>  {ethiopic}
>  {amharic/scripttag}  =>  {ethi}
>  {amharic/language}  =>  {Amharic}
>  {amharic/langtag}  =>  {AMH}
>  {amharic/bcp47}  =>  {am}
>  {amharic/hyphennames}  =>  {amharic,nohyphenation}
>  {amharic/direction}  =>  {LR}
>  {amharic/hyphenmins}  =>  {2,3}
>  {amharic/frenchspacing}  =>  {false}
>  {amharic/indentfirst}  =>  {false}
>  {amharic/fontsetup}  =>  {true}
>  {amharic/envname}  =>  {amharic}
>  {amharic/babelname}  =>  {amharic}
>  {amharic/localnumeral}  =>  {polyglossia@C@localnumeral}
>  {amharic/Localnumeral}  =>  {polyglossia@C@localnumeral}
>  {greek/script}  =>  {Greek}
>  {greek/lcscript}  =>  {greek}
>  {greek/scripttag}  =>  {grek}
>  {greek/language}  =>  {Greek}
>  {greek/langtag}  =>  {ELL}
>  {greek/bcp47}  =>  {el-monoton}
>  {greek/hyphennames}  =>  {}
>  {greek/direction}  =>  {LR}
>  {greek/hyphenmins}  =>  {2,3}
>  {greek/frenchspacing}  =>  {true}
>  {greek/indentfirst}  =>  {true}
>  {greek/fontsetup}  =>  {true}
>  {greek/envname}  =>  {greek}
>  {greek/babelname}  =>  {greek}
>  {greek/localnumeral}  =>  {greeknumerals}
>  {greek/Localnumeral}  =>  {Greeknumerals}.

(/usr/share/texlive/texmf-dist/tex/latex/polyglossia/xgreek-fixes.def)
Package polyglossia Info: Option: Monotonic Greek.
\@attic@num=\count312
)
Package polyglossia Info: Option: Ancient Greek.
Package polyglossia Info: Option: Ancient Greek.

Package fontspec Info: Could not resolve font "SBL Greek/BI" (it probably
(fontspec)             doesn't exist).


Package fontspec Info: Could not resolve font "SBL Greek/B" (it probably
(fontspec)             doesn't exist).


Package fontspec Info: Could not resolve font "SBL Greek/I" (it probably
(fontspec)             doesn't exist).


Package fontspec Info: Font family 'SBLGreek(0)' created for font 'SBL Greek'
(fontspec)             with options [Script=Greek].
(fontspec)              
(fontspec)              This font family consists of the following NFSS
(fontspec)             series/shapes:
(fontspec)              
(fontspec)             - 'normal' (m/n) with NFSS spec.: <->"SBL
(fontspec)             Greek/OT:script=grek;language=dflt;"
(fontspec)             - 'small caps'  (m/sc) with NFSS spec.: <->"SBL
(fontspec)             Greek/OT:script=grek;language=dflt;+smcp;"


(/usr/share/texlive/texmf-dist/tex/latex/setspace/setspace.sty
Package: setspace 2011/12/19 v6.7a set line spacing
) (./AeloA_1.aux
LaTeX Info: Redefining \rmfamily on input line 20.
LaTeX Info: Redefining \sffamily on input line 20.
LaTeX Info: Redefining \ttfamily on input line 20.
)
\openout1 = `AeloA_1.aux'.

LaTeX Font Info:    Checking defaults for OML/cmm/m/it on input line 43.
LaTeX Font Info:    ... okay on input line 43.
LaTeX Font Info:    Checking defaults for OMS/cmsy/m/n on input line 43.
LaTeX Font Info:    ... okay on input line 43.
LaTeX Font Info:    Checking defaults for OT1/cmr/m/n on input line 43.
LaTeX Font Info:    ... okay on input line 43.
LaTeX Font Info:    Checking defaults for T1/cmr/m/n on input line 43.
LaTeX Font Info:    ... okay on input line 43.
LaTeX Font Info:    Checking defaults for TS1/cmr/m/n on input line 43.
LaTeX Font Info:    Trying to load font information for TS1+cmr on input line 4
3.
(/usr/share/texlive/texmf-dist/tex/latex/base/ts1cmr.fd
File: ts1cmr.fd 2019/12/16 v2.5j Standard LaTeX font definitions
)
LaTeX Font Info:    ... okay on input line 43.
LaTeX Font Info:    Checking defaults for TU/lmr/m/n on input line 43.
LaTeX Font Info:    ... okay on input line 43.
LaTeX Font Info:    Checking defaults for OMX/cmex/m/n on input line 43.
LaTeX Font Info:    ... okay on input line 43.
LaTeX Font Info:    Checking defaults for U/cmr/m/n on input line 43.
LaTeX Font Info:    ... okay on input line 43.
LaTeX Font Info:    Checking defaults for T3/cmr/m/n on input line 43.
LaTeX Font Info:    Trying to load font information for T3+cmr on input line 43
.

(/usr/share/texmf/tex/latex/tipa/t3cmr.fd
File: t3cmr.fd 2001/12/31 TIPA font definitions
)
LaTeX Font Info:    ... okay on input line 43.
LaTeX Font Info:    Checking defaults for PD1/pdf/m/n on input line 43.
LaTeX Font Info:    ... okay on input line 43.
LaTeX Font Info:    Checking defaults for PU/pdf/m/n on input line 43.
LaTeX Font Info:    ... okay on input line 43.

Package fontspec Info: Adjusting the maths setup (use [no-math] to avoid
(fontspec)             this).

\symlegacymaths=\mathgroup4
LaTeX Font Info:    Overwriting symbol font `legacymaths' in version `bold'
(Font)                  OT1/cmr/m/n --> OT1/cmr/bx/n on input line 43.
LaTeX Font Info:    Redeclaring math accent \acute on input line 43.
LaTeX Font Info:    Redeclaring math accent \grave on input line 43.
LaTeX Font Info:    Redeclaring math accent \ddot on input line 43.
LaTeX Font Info:    Redeclaring math accent \tilde on input line 43.
LaTeX Font Info:    Redeclaring math accent \bar on input line 43.
LaTeX Font Info:    Redeclaring math accent \breve on input line 43.
LaTeX Font Info:    Redeclaring math accent \check on input line 43.
LaTeX Font Info:    Redeclaring math accent \hat on input line 43.
LaTeX Font Info:    Redeclaring math accent \dot on input line 43.
LaTeX Font Info:    Redeclaring math accent \mathring on input line 43.
LaTeX Font Info:    Redeclaring math symbol \colon on input line 43.
LaTeX Font Info:    Redeclaring math symbol \Gamma on input line 43.
LaTeX Font Info:    Redeclaring math symbol \Delta on input line 43.
LaTeX Font Info:    Redeclaring math symbol \Theta on input line 43.
LaTeX Font Info:    Redeclaring math symbol \Lambda on input line 43.
LaTeX Font Info:    Redeclaring math symbol \Xi on input line 43.
LaTeX Font Info:    Redeclaring math symbol \Pi on input line 43.
LaTeX Font Info:    Redeclaring math symbol \Sigma on input line 43.
LaTeX Font Info:    Redeclaring math symbol \Upsilon on input line 43.
LaTeX Font Info:    Redeclaring math symbol \Phi on input line 43.
LaTeX Font Info:    Redeclaring math symbol \Psi on input line 43.
LaTeX Font Info:    Redeclaring math symbol \Omega on input line 43.
LaTeX Font Info:    Redeclaring math symbol \mathdollar on input line 43.
LaTeX Font Info:    Redeclaring symbol font `operators' on input line 43.
LaTeX Font Info:    Encoding `OT1' has changed to `TU' for symbol font
(Font)              `operators' in the math version `normal' on input line 43.
LaTeX Font Info:    Overwriting symbol font `operators' in version `normal'
(Font)                  OT1/cmr/m/n --> TU/CharisSIL(0)/m/n on input line 43.
LaTeX Font Info:    Encoding `OT1' has changed to `TU' for symbol font
(Font)              `operators' in the math version `bold' on input line 43.
LaTeX Font Info:    Overwriting symbol font `operators' in version `bold'
(Font)                  OT1/cmr/bx/n --> TU/CharisSIL(0)/m/n on input line 43.
LaTeX Font Info:    Overwriting symbol font `operators' in version `normal'
(Font)                  TU/CharisSIL(0)/m/n --> TU/CharisSIL(0)/m/n on input li
ne 43.
LaTeX Font Info:    Overwriting math alphabet `\mathit' in version `normal'
(Font)                  OT1/cmr/m/it --> TU/CharisSIL(0)/m/it on input line 43.

LaTeX Font Info:    Overwriting math alphabet `\mathbf' in version `normal'
(Font)                  OT1/cmr/bx/n --> TU/CharisSIL(0)/b/n on input line 43.
LaTeX Font Info:    Overwriting math alphabet `\mathsf' in version `normal'
(Font)                  OT1/cmss/m/n --> TU/lmss/m/n on input line 43.
LaTeX Font Info:    Overwriting math alphabet `\mathtt' in version `normal'
(Font)                  OT1/cmtt/m/n --> TU/lmtt/m/n on input line 43.
LaTeX Font Info:    Overwriting symbol font `operators' in version `bold'
(Font)                  TU/CharisSIL(0)/m/n --> TU/CharisSIL(0)/b/n on input li
ne 43.
LaTeX Font Info:    Overwriting math alphabet `\mathit' in version `bold'
(Font)                  OT1/cmr/bx/it --> TU/CharisSIL(0)/b/it on input line 43
.
LaTeX Font Info:    Overwriting math alphabet `\mathsf' in version `bold'
(Font)                  OT1/cmss/bx/n --> TU/lmss/b/n on input line 43.
LaTeX Font Info:    Overwriting math alphabet `\mathtt' in version `bold'
(Font)                  OT1/cmtt/m/n --> TU/lmtt/b/n on input line 43.
\AtBeginShipoutBox=\box52
Package hyperref Info: Link coloring OFF on input line 43.

(/usr/share/texlive/texmf-dist/tex/latex/hyperref/nameref.sty
Package: nameref 2019/09/16 v2.46 Cross-referencing by name of section

(/usr/share/texlive/texmf-dist/tex/latex/refcount/refcount.sty
Package: refcount 2019/12/15 v3.6 Data extraction from label references (HO)
)
(/usr/share/texlive/texmf-dist/tex/generic/gettitlestring/gettitlestring.sty
Package: gettitlestring 2019/12/15 v1.6 Cleanup title references (HO)
)
\c@section@level=\count313
)
LaTeX Info: Redefining \ref on input line 43.
LaTeX Info: Redefining \pageref on input line 43.
LaTeX Info: Redefining \nameref on input line 43.

(./AeloA_1.out) (./AeloA_1.out)
\@outlinefile=\write3
\openout3 = `AeloA_1.out'.

LaTeX Info: Redefining \rmfamily on input line 43.
LaTeX Info: Redefining \sffamily on input line 43.
LaTeX Info: Redefining \ttfamily on input line 43.
LaTeX Font Info:    Font shape `TU/SertoAntiochBible(0)/m/n' will be
(Font)              scaled to size 20.74pt on input line 52.
LaTeX Info: Redefining \rmfamily on input line 52.
LaTeX Info: Redefining \sffamily on input line 52.
LaTeX Info: Redefining \ttfamily on input line 52.
LaTeX Font Info:    External font `cmex10' loaded for size
(Font)              <12> on input line 52.
LaTeX Font Info:    External font `cmex10' loaded for size
(Font)              <8> on input line 52.
LaTeX Font Info:    External font `cmex10' loaded for size
(Font)              <6> on input line 52.
LaTeX Font Info:    Font shape `TU/SertoAntiochBible(0)/m/n' will be
(Font)              scaled to size 10.0pt on input line 52.
LaTeX Info: Redefining \rmfamily on input line 52.
LaTeX Info: Redefining \sffamily on input line 52.
LaTeX Info: Redefining \ttfamily on input line 52.
LaTeX Font Info:    Font shape `TU/EzraSIL(0)/m/n' will be
(Font)              scaled to size 10.0pt on input line 66.
LaTeX Info: Redefining \rmfamily on input line 66.
LaTeX Info: Redefining \sffamily on input line 66.
LaTeX Info: Redefining \ttfamily on input line 66.


LaTeX Font Warning: Font shape `TU/SertoAntiochBible(0)/b/n' undefined
(Font)              using `TU/SertoAntiochBible(0)/m/n' instead on input line 7
7.

LaTeX Info: Redefining \rmfamily on input line 77.
LaTeX Info: Redefining \sffamily on input line 77.
LaTeX Info: Redefining \ttfamily on input line 77.
LaTeX Font Info:    Font shape `TU/SertoAntiochBible(0)/m/n' will be
(Font)              scaled to size 14.4pt on input line 84.
LaTeX Info: Redefining \rmfamily on input line 84.
LaTeX Info: Redefining \sffamily on input line 84.
LaTeX Info: Redefining \ttfamily on input line 84.
LaTeX Info: Redefining \rmfamily on input line 84.
LaTeX Info: Redefining \sffamily on input line 84.
LaTeX Info: Redefining \ttfamily on input line 84.
LaTeX Info: Redefining \rmfamily on input line 100.
LaTeX Info: Redefining \sffamily on input line 100.
LaTeX Info: Redefining \ttfamily on input line 100.
The property list \polyglossia@langsetup contains the pairs (without outer
braces):
>  {latex/script}  =>  {latin}
>  {latex/lcscript}  =>  {latin}
>  {latex/scripttag}  =>  {}
>  {latex/language}  =>  {Latex}
>  {latex/langtag}  =>  {ENG}
>  {latex/bcp47}  =>  {}
>  {latex/hyphennames}  =>  {english}
>  {latex/direction}  =>  {LR}
>  {latex/hyphenmins}  =>  {2,3}
>  {latex/frenchspacing}  =>  {false}
>  {latex/indentfirst}  =>  {false}
>  {latex/fontsetup}  =>  {true}
>  {latex/envname}  =>  {latex}
>  {latex/babelname}  =>  {latex}
>  {latex/localnumeral}  =>  {polyglossia@C@localnumeral}
>  {latex/Localnumeral}  =>  {polyglossia@C@localnumeral}
>  {english/script}  =>  {latin}
>  {english/lcscript}  =>  {latin}
>  {english/scripttag}  =>  {}
>  {english/language}  =>  {English}
>  {english/langtag}  =>  {ENG}
>  {english/bcp47}  =>  {en-US}
>  {english/hyphennames}  =>  {english,american,usenglish,USenglish}
>  {english/direction}  =>  {LR}
>  {english/hyphenmins}  =>  {2,3}
>  {english/frenchspacing}  =>  {false}
>  {english/indentfirst}  =>  {false}
>  {english/fontsetup}  =>  {true}
>  {english/envname}  =>  {english}
>  {english/babelname}  =>  {american}
>  {english/localnumeral}  =>  {polyglossia@C@localnumeral}
>  {english/Localnumeral}  =>  {polyglossia@C@localnumeral}
>  {syriac/script}  =>  {Syriac}
>  {syriac/lcscript}  =>  {syriac}
>  {syriac/scripttag}  =>  {syrc}
>  {syriac/language}  =>  {Syriac}
>  {syriac/langtag}  =>  {SYR}
>  {syriac/bcp47}  =>  {syr}
>  {syriac/hyphennames}  =>  {syriac,nohyphenation}
>  {syriac/direction}  =>  {RL}
>  {syriac/hyphenmins}  =>  {2,3}
>  {syriac/frenchspacing}  =>  {false}
>  {syriac/indentfirst}  =>  {false}
>  {syriac/fontsetup}  =>  {true}
>  {syriac/envname}  =>  {syriac}
>  {syriac/babelname}  =>  {syriac}
>  {syriac/localnumeral}  =>  {syriacnumerals}
>  {syriac/Localnumeral}  =>  {syriacnumerals}
>  {arabic/script}  =>  {Arabic}
>  {arabic/lcscript}  =>  {arabic}
>  {arabic/scripttag}  =>  {arab}
>  {arabic/language}  =>  {Arabic}
>  {arabic/langtag}  =>  {ARA}
>  {arabic/bcp47}  =>  {ar}
>  {arabic/hyphennames}  =>  {nohyphenation}
>  {arabic/direction}  =>  {RL}
>  {arabic/hyphenmins}  =>  {2,3}
>  {arabic/frenchspacing}  =>  {false}
>  {arabic/indentfirst}  =>  {false}
>  {arabic/fontsetup}  =>  {true}
>  {arabic/envname}  =>  {Arabic}
>  {arabic/babelname}  =>  {arabic}
>  {arabic/localnumeral}  =>  {arabicnumerals}
>  {arabic/Localnumeral}  =>  {arabicnumerals}
>  {hebrew/script}  =>  {Hebrew}
>  {hebrew/lcscript}  =>  {hebrew}
>  {hebrew/scripttag}  =>  {hebr}
>  {hebrew/language}  =>  {Hebrew}
>  {hebrew/langtag}  =>  {IWR}
>  {hebrew/bcp47}  =>  {he}
>  {hebrew/hyphennames}  =>  {nohyphenation}
>  {hebrew/direction}  =>  {RL}
>  {hebrew/hyphenmins}  =>  {2,3}
>  {hebrew/frenchspacing}  =>  {false}
>  {hebrew/indentfirst}  =>  {false}
>  {hebrew/fontsetup}  =>  {true}
>  {hebrew/envname}  =>  {hebrew}
>  {hebrew/babelname}  =>  {hebrew}
>  {hebrew/localnumeral}  =>  {hebrewnumerals}
>  {hebrew/Localnumeral}  =>  {hebrewnumerals}
>  {amharic/script}  =>  {Ethiopic}
>  {amharic/lcscript}  =>  {ethiopic}
>  {amharic/scripttag}  =>  {ethi}
>  {amharic/language}  =>  {Amharic}
>  {amharic/langtag}  =>  {AMH}
>  {amharic/bcp47}  =>  {am}
>  {amharic/hyphennames}  =>  {amharic,nohyphenation}
>  {amharic/direction}  =>  {LR}
>  {amharic/hyphenmins}  =>  {2,3}
>  {amharic/frenchspacing}  =>  {false}
>  {amharic/indentfirst}  =>  {false}
>  {amharic/fontsetup}  =>  {true}
>  {amharic/envname}  =>  {amharic}
>  {amharic/babelname}  =>  {amharic}
>  {amharic/localnumeral}  =>  {polyglossia@C@localnumeral}
>  {amharic/Localnumeral}  =>  {polyglossia@C@localnumeral}
>  {greek/script}  =>  {Greek}
>  {greek/lcscript}  =>  {greek}
>  {greek/scripttag}  =>  {grek}
>  {greek/language}  =>  {Greek}
>  {greek/langtag}  =>  {ELL}
>  {greek/bcp47}  =>  {grc}
>  {greek/hyphennames}  =>  {}
>  {greek/direction}  =>  {LR}
>  {greek/hyphenmins}  =>  {2,3}
>  {greek/frenchspacing}  =>  {true}
>  {greek/indentfirst}  =>  {true}
>  {greek/fontsetup}  =>  {true}
>  {greek/envname}  =>  {greek}
>  {greek/babelname}  =>  {greek}
>  {greek/localnumeral}  =>  {greeknumerals}
>  {greek/Localnumeral}  =>  {Greeknumerals}.
Package atveryend Info: Empty hook `BeforeClearDocument' on input line 112.
LaTeX Font Info:    Font shape `TU/CharisSIL(0)/m/sl' in size <10> not availabl
e
(Font)              Font shape `TU/CharisSIL(0)/m/it' tried instead on input li
ne 112.
(/usr/share/texlive/texmf-dist/tex/generic/stringenc/se-ascii-print.def
File: se-ascii-print.def 2019/11/29 v1.12 stringenc: Printable ASCII characters

)
[1


]
Package atveryend Info: Empty hook `AfterLastShipout' on input line 112.
 (./AeloA_1.aux
LaTeX Info: Redefining \rmfamily on input line 20.
LaTeX Info: Redefining \sffamily on input line 20.
LaTeX Info: Redefining \ttfamily on input line 20.
)
Package atveryend Info: Empty hook `AtVeryEndDocument' on input line 112.
Package atveryend Info: Executing hook `AtEndAfterFileList' on input line 112.
Package rerunfilecheck Info: File `AeloA_1.out' has not changed.
(rerunfilecheck)             Checksum: D41D8CD98F00B204E9800998ECF8427E;0.


LaTeX Font Warning: Some font shapes were not available, defaults substituted.

 ) 
Here is how much of TeX's memory you used:
 18767 strings out of 481228
 355433 string characters out of 5921807
 708807 words of memory out of 5000000
 35471 multiletter control sequences out of 15000+600000
 536211 words of font info for 93 fonts, out of 8000000 for 9000
 306 hyphenation exceptions out of 8191
 50i,5n,79p,1076b,324s stack positions out of 5000i,500n,10000p,200000b,80000s

Output written on AeloA_1.pdf (1 page).
